<?xml version="1.0" encoding="UTF-8"?>
<testng-results total="2" passed="2" failed="0" skipped="0">
  <reporter-output>
  </reporter-output>
  <suite started-at="2023-02-03T09:49:21Z" name="Suite" finished-at="2023-02-03T09:49:49Z" duration-ms="27986">
    <groups>
    </groups>
    <test started-at="2023-02-03T09:49:21Z" name="Test" finished-at="2023-02-03T09:49:49Z" duration-ms="27986">
      <class name="com.hrms.testscripts.TC001">
        <test-method signature="tc001()[pri:0, instance:com.hrms.testscripts.TC001@798162bc]" started-at="2023-02-03T15:19:30Z" name="tc001" finished-at="2023-02-03T15:19:49Z" duration-ms="18677" status="PASS">
          <reporter-output>
          </reporter-output>
        </test-method> <!-- tc001 -->
      </class> <!-- com.hrms.testscripts.TC001 -->
      <class name="com.hrms.testscripts.TC002">
        <test-method signature="tc002()[pri:0, instance:com.hrms.testscripts.TC002@14bdbc74]" started-at="2023-02-03T15:19:21Z" name="tc002" finished-at="2023-02-03T15:19:30Z" duration-ms="9289" status="PASS">
          <reporter-output>
          </reporter-output>
        </test-method> <!-- tc002 -->
      </class> <!-- com.hrms.testscripts.TC002 -->
    </test> <!-- Test -->
  </suite> <!-- Suite -->
</testng-results>
